# JRE version: OpenJDK Runtime Environment (24.0+36) (build 24+36-3646)
# Java VM: OpenJDK 64-Bit Server VM (24+36-3646, mixed mode, emulated-client, sharing, tiered, compressed oops, compressed class ptrs, g1 gc, windows-amd64)
GC Precious Log:
 CardTable entry size: 512
 Card Set container configuration: InlinePtr #cards 4 size 8 Array Of Cards #cards 16 size 48 Howl #buckets 8 coarsen threshold 3686 Howl Bitmap #cards 512 size 80 coarsen threshold 460 Card regions per heap region 1 cards per card region 4096
 CPUs: 8 total, 8 available
 Memory: 16112M
 Large Page Support: Disabled
 NUMA Support: Disabled
 Compressed Oops: Enabled (Zero based)
 Heap Region Size: 2M
 Heap Min Capacity: 8M
 Heap Initial Capacity: 252M
 Heap Max Capacity: 4030M
 Pre-touch: Disabled
 Parallel Workers: 8
 Concurrent Workers: 2
 Concurrent Refinement Workers: 8
 Periodic GC: Disabled
Heap:
 garbage-first heap   total reserved 4126720K, committed 55296K, used 26647K [0x0000000704200000, 0x0000000800000000)
  region size 2048K, 3 young (6144K), 2 survivors (4096K)
 Metaspace       used 56600K, committed 57088K, reserved 1114112K
  class space    used 6017K, committed 6208K, reserved 1048576K
GC Heap History (20 events):
Event: 1.382 GC heap before
{Heap before GC invocations=1 (full 0):
 garbage-first heap   total reserved 4126720K, committed 260096K, used 48432K [0x0000000704200000, 0x0000000800000000)
  region size 2048K, 23 young (47104K), 3 survivors (6144K)
 Metaspace       used 21196K, committed 21504K, reserved 1114112K
  class space    used 2087K, committed 2240K, reserved 1048576K
}
Event: 1.386 GC heap after
{Heap after GC invocations=2 (full 0):
 garbage-first heap   total reserved 4126720K, committed 260096K, used 12384K [0x0000000704200000, 0x0000000800000000)
  region size 2048K, 5 young (10240K), 5 survivors (10240K)
 Metaspace       used 21196K, committed 21504K, reserved 1114112K
  class space    used 2087K, committed 2240K, reserved 1048576K
}
Event: 1.559 GC heap before
{Heap before GC invocations=3 (full 0):
 garbage-first heap   total reserved 4126720K, committed 55296K, used 34912K [0x0000000704200000, 0x0000000800000000)
  region size 2048K, 16 young (32768K), 5 survivors (10240K)
 Metaspace       used 25133K, committed 25344K, reserved 1114112K
  class space    used 2547K, committed 2624K, reserved 1048576K
}
Event: 1.564 GC heap after
{Heap after GC invocations=4 (full 0):
 garbage-first heap   total reserved 4126720K, committed 55296K, used 14791K [0x0000000704200000, 0x0000000800000000)
  region size 2048K, 2 young (4096K), 2 survivors (4096K)
 Metaspace       used 25133K, committed 25344K, reserved 1114112K
  class space    used 2547K, committed 2624K, reserved 1048576K
}
Event: 1.891 GC heap before
{Heap before GC invocations=4 (full 0):
 garbage-first heap   total reserved 4126720K, committed 55296K, used 35271K [0x0000000704200000, 0x0000000800000000)
  region size 2048K, 12 young (24576K), 2 survivors (4096K)
 Metaspace       used 26728K, committed 27008K, reserved 1114112K
  class space    used 2711K, committed 2816K, reserved 1048576K
}
Event: 1.895 GC heap after
{Heap after GC invocations=5 (full 0):
 garbage-first heap   total reserved 4126720K, committed 55296K, used 16056K [0x0000000704200000, 0x0000000800000000)
  region size 2048K, 2 young (4096K), 2 survivors (4096K)
 Metaspace       used 26728K, committed 27008K, reserved 1114112K
  class space    used 2711K, committed 2816K, reserved 1048576K
}
Event: 2.287 GC heap before
{Heap before GC invocations=5 (full 0):
 garbage-first heap   total reserved 4126720K, committed 55296K, used 38584K [0x0000000704200000, 0x0000000800000000)
  region size 2048K, 13 young (26624K), 2 survivors (4096K)
 Metaspace       used 29367K, committed 29632K, reserved 1114112K
  class space    used 3017K, committed 3136K, reserved 1048576K
}
Event: 2.290 GC heap after
{Heap after GC invocations=6 (full 0):
 garbage-first heap   total reserved 4126720K, committed 55296K, used 17807K [0x0000000704200000, 0x0000000800000000)
  region size 2048K, 2 young (4096K), 2 survivors (4096K)
 Metaspace       used 29367K, committed 29632K, reserved 1114112K
  class space    used 3017K, committed 3136K, reserved 1048576K
}
Event: 2.594 GC heap before
{Heap before GC invocations=6 (full 0):
 garbage-first heap   total reserved 4126720K, committed 55296K, used 40335K [0x0000000704200000, 0x0000000800000000)
  region size 2048K, 13 young (26624K), 2 survivors (4096K)
 Metaspace       used 32616K, committed 32960K, reserved 1114112K
  class space    used 3434K, committed 3584K, reserved 1048576K
}
Event: 2.597 GC heap after
{Heap after GC invocations=7 (full 0):
 garbage-first heap   total reserved 4126720K, committed 55296K, used 19797K [0x0000000704200000, 0x0000000800000000)
  region size 2048K, 2 young (4096K), 2 survivors (4096K)
 Metaspace       used 32616K, committed 32960K, reserved 1114112K
  class space    used 3434K, committed 3584K, reserved 1048576K
}
Event: 2.880 GC heap before
{Heap before GC invocations=7 (full 0):
 garbage-first heap   total reserved 4126720K, committed 55296K, used 42325K [0x0000000704200000, 0x0000000800000000)
  region size 2048K, 13 young (26624K), 2 survivors (4096K)
 Metaspace       used 35211K, committed 35584K, reserved 1114112K
  class space    used 3719K, committed 3840K, reserved 1048576K
}
Event: 2.883 GC heap after
{Heap after GC invocations=8 (full 0):
 garbage-first heap   total reserved 4126720K, committed 55296K, used 21412K [0x0000000704200000, 0x0000000800000000)
  region size 2048K, 1 young (2048K), 1 survivors (2048K)
 Metaspace       used 35211K, committed 35584K, reserved 1114112K
  class space    used 3719K, committed 3840K, reserved 1048576K
}
Event: 2.909 GC heap before
{Heap before GC invocations=8 (full 0):
 garbage-first heap   total reserved 4126720K, committed 55296K, used 21412K [0x0000000704200000, 0x0000000800000000)
  region size 2048K, 2 young (4096K), 1 survivors (2048K)
 Metaspace       used 35800K, committed 36160K, reserved 1114112K
  class space    used 3761K, committed 3904K, reserved 1048576K
}
Event: 2.911 GC heap after
{Heap after GC invocations=9 (full 0):
 garbage-first heap   total reserved 4126720K, committed 55296K, used 21554K [0x0000000704200000, 0x0000000800000000)
  region size 2048K, 1 young (2048K), 1 survivors (2048K)
 Metaspace       used 35800K, committed 36160K, reserved 1114112K
  class space    used 3761K, committed 3904K, reserved 1048576K
}
Event: 3.347 GC heap before
{Heap before GC invocations=10 (full 0):
 garbage-first heap   total reserved 4126720K, committed 55296K, used 42034K [0x0000000704200000, 0x0000000800000000)
  region size 2048K, 12 young (24576K), 1 survivors (2048K)
 Metaspace       used 43549K, committed 43968K, reserved 1114112K
  class space    used 4544K, committed 4736K, reserved 1048576K
}
Event: 3.349 GC heap after
{Heap after GC invocations=11 (full 0):
 garbage-first heap   total reserved 4126720K, committed 55296K, used 23047K [0x0000000704200000, 0x0000000800000000)
  region size 2048K, 2 young (4096K), 2 survivors (4096K)
 Metaspace       used 43549K, committed 43968K, reserved 1114112K
  class space    used 4544K, committed 4736K, reserved 1048576K
}
Event: 3.620 GC heap before
{Heap before GC invocations=11 (full 0):
 garbage-first heap   total reserved 4126720K, committed 55296K, used 43527K [0x0000000704200000, 0x0000000800000000)
  region size 2048K, 12 young (24576K), 2 survivors (4096K)
 Metaspace       used 47960K, committed 48384K, reserved 1114112K
  class space    used 5059K, committed 5248K, reserved 1048576K
}
Event: 3.622 GC heap after
{Heap after GC invocations=12 (full 0):
 garbage-first heap   total reserved 4126720K, committed 55296K, used 24350K [0x0000000704200000, 0x0000000800000000)
  region size 2048K, 2 young (4096K), 2 survivors (4096K)
 Metaspace       used 47960K, committed 48384K, reserved 1114112K
  class space    used 5059K, committed 5248K, reserved 1048576K
}
Event: 3.869 GC heap before
{Heap before GC invocations=12 (full 0):
 garbage-first heap   total reserved 4126720K, committed 55296K, used 44830K [0x0000000704200000, 0x0000000800000000)
  region size 2048K, 12 young (24576K), 2 survivors (4096K)
 Metaspace       used 52627K, committed 53056K, reserved 1114112K
  class space    used 5500K, committed 5696K, reserved 1048576K
}
Event: 3.871 GC heap after
{Heap after GC invocations=13 (full 0):
 garbage-first heap   total reserved 4126720K, committed 55296K, used 25399K [0x0000000704200000, 0x0000000800000000)
  region size 2048K, 2 young (4096K), 2 survivors (4096K)
 Metaspace       used 52627K, committed 53056K, reserved 1114112K
  class space    used 5500K, committed 5696K, reserved 1048576K
}

